<?xml version="1.0" encoding="UTF-8"?>
<!-- Generated by org.testng.reporters.JUnitXMLReporter -->
<testsuite ignored="1" hostname="DESKTOP-3SJ6CNC" failures="3" tests="13" name="Personal loan" time="0.136" errors="0" timestamp="2023-03-14T14:46:21 CET">
  <testcase classname="testing.Day1" name="Demo" time="0.012">
    <failure type="java.lang.AssertionError" message="expected [true] but found [false]">
      <![CDATA[java.lang.AssertionError: expected [true] but found [false]
at testing.Day1.Demo(Day1.java:22)
at java.base/java.util.ArrayList.forEach(ArrayList.java:1511)
... Removed 31 stack frames]]>
    </failure>
  </testcase> <!-- Demo -->
  <testcase classname="testing.Day1" name="SecondTest" time="0.004"/>
  <testcase classname="testing.Day2" name="ploan" time="0.0"/>
  <testcase classname="testing.Day3" name="MobileLogincarLoan" time="0.001"/>
  <testcase classname="testing.Day3" name="MobilesignoutcarLoan" time="0.002"/>
  <testcase classname="testing.Day3" name="MobilesignoutcarLoan" time="0.001"/>
  <testcase classname="testing.Day3" name="MobilesignoutcarLoan" time="0.001"/>
  <testcase classname="testing.Day3" name="WebloginCarLoan" time="0.0">
    <failure type="org.testng.TestNGException" message="
Parameter &amp;apos;URL&amp;apos; is required by @Test on method WebloginCarLoan but has not been marked @Optional or defined
in C:\Users\trane\git\Selenium-WebDriver-with-Java--Basics-to-Advanced-Frameworks-Course\introduction\testng2.xml">
      <![CDATA[org.testng.TestNGException: 
Parameter 'URL' is required by @Test on method WebloginCarLoan but has not been marked @Optional or defined
in C:\Users\trane\git\Selenium-WebDriver-with-Java--Basics-to-Advanced-Frameworks-Course\introduction\testng2.xml
at java.base/java.util.ArrayList.forEach(ArrayList.java:1511)
... Removed 26 stack frames]]>
    </failure>
  </testcase> <!-- WebloginCarLoan -->
  <testcase classname="testing.Day3" name="APIcarLoan" time="0.001">
    <skipped/>
  </testcase> <!-- APIcarLoan -->
  <testcase classname="testing.Day4" name="LoginAPIHomeLoan" time="0.001"/>
  <testcase classname="testing.Day4" name="MobileLoginHomeLoan" time="0.001"/>
  <testcase classname="testing.Day4" name="WebloginHomeLoan" time="0.0">
    <failure type="org.testng.TestNGException" message="
Parameter &amp;apos;URL&amp;apos; is required by @Test on method WebloginHomeLoan but has not been marked @Optional or defined
in C:\Users\trane\git\Selenium-WebDriver-with-Java--Basics-to-Advanced-Frameworks-Course\introduction\testng2.xml">
      <![CDATA[org.testng.TestNGException: 
Parameter 'URL' is required by @Test on method WebloginHomeLoan but has not been marked @Optional or defined
in C:\Users\trane\git\Selenium-WebDriver-with-Java--Basics-to-Advanced-Frameworks-Course\introduction\testng2.xml
at java.base/java.util.ArrayList.forEach(ArrayList.java:1511)
... Removed 26 stack frames]]>
    </failure>
  </testcase> <!-- WebloginHomeLoan -->
  <testcase classname="testing.JavaStreaming" name="streamCollect" time="0.002"/>
  <testcase classname="testing.Day3" name="MobilesignimcarLoan" time="0.0">
    <ignored/>
  </testcase> <!-- MobilesignimcarLoan -->
</testsuite> <!-- Personal loan -->
