<?xml version="1.0" encoding="UTF-8"?>
<!-- Generated by org.testng.reporters.JUnitXMLReporter -->
<testsuite ignored="0" hostname="DESKTOP-3SJ6CNC" failures="1" tests="2" name="Error Validation Test" time="34.268" errors="0" timestamp="2023-03-21T16:33:13 CET">
  <testcase classname="testComponent.tests.ErrorValidationTest" name="LoginErrorValidation" time="0.655">
    <failure type="java.lang.AssertionError" message="did not expect [Incorrect email or password.] but found [Incorrect email or password.]">
      <![CDATA[java.lang.AssertionError: did not expect [Incorrect email or password.] but found [Incorrect email or password.]
at testComponent.tests.ErrorValidationTest.LoginErrorValidation(ErrorValidationTest.java:23)
at java.base/java.util.ArrayList.forEach(ArrayList.java:1511)
at java.base/java.util.concurrent.FutureTask.run(FutureTask.java:264)
at java.base/java.util.concurrent.ThreadPoolExecutor.runWorker(ThreadPoolExecutor.java:1136)
at java.base/java.util.concurrent.ThreadPoolExecutor$Worker.run(ThreadPoolExecutor.java:635)
at java.base/java.lang.Thread.run(Thread.java:833)
... Removed 22 stack frames]]>
    </failure>
  </testcase> <!-- LoginErrorValidation -->
  <testcase classname="testComponent.tests.ErrorValidationTest" name="ProductErrorValidation" time="20.974"/>
</testsuite> <!-- Error Validation Test -->
