<?xml version="1.0" encoding="UTF-8"?>
<!-- Generated by org.testng.reporters.JUnitXMLReporter -->
<testsuite ignored="1" hostname="DESKTOP-3SJ6CNC" failures="1" tests="1" name="Test" time="0.077" errors="0" timestamp="2023-03-21T13:33:23 CET">
  <testcase classname="testComponent.tests.StandAloneTest" name="submitOrder" time="0.0">
    <failure type="java.lang.RuntimeException" message="java.io.FileNotFoundException: C:\Users\trane\git\Selenium-WebDriver-with-Java--Basics-to-Advanced-Frameworks-Course\introduction\src\danielkasprowacademy\data\PurchaseOrder.json (System nie może odnaleźć określonej ścieżki)">
      <![CDATA[java.lang.RuntimeException: java.io.FileNotFoundException: C:\Users\trane\git\Selenium-WebDriver-with-Java--Basics-to-Advanced-Frameworks-Course\introduction\src\danielkasprowacademy\data\PurchaseOrder.json (System nie może odnaleźć określonej ścieżki)
at java.base/java.util.ArrayList.forEach(ArrayList.java:1511)
at java.base/java.util.concurrent.FutureTask.run(FutureTask.java:264)
at java.base/java.util.concurrent.ThreadPoolExecutor.runWorker(ThreadPoolExecutor.java:1136)
at java.base/java.util.concurrent.ThreadPoolExecutor$Worker.run(ThreadPoolExecutor.java:635)
at java.base/java.lang.Thread.run(Thread.java:833)
Caused by: java.io.FileNotFoundException: C:\Users\trane\git\Selenium-WebDriver-with-Java--Basics-to-Advanced-Frameworks-Course\introduction\src\danielkasprowacademy\data\PurchaseOrder.json (System nie może odnaleźć określonej ścieżki)
at java.base/java.io.FileInputStream.open0(Native Method)
at java.base/java.io.FileInputStream.open(FileInputStream.java:216)
at java.base/java.io.FileInputStream.<init>(FileInputStream.java:157)
at org.apache.commons.io.FileUtils.openInputStream(FileUtils.java:2388)
at org.apache.commons.io.FileUtils.readFileToString(FileUtils.java:2506)
at testComponent.TestComponents.BaseTest.getJsonDataToMap(BaseTest.java:50)
at testComponent.tests.StandAloneTest.getData(StandAloneTest.java:92)
... 19 more
... Removed 22 stack frames]]>
    </failure>
  </testcase> <!-- submitOrder -->
  <testcase classname="testComponent.tests.StandAloneTest" name="OrderHistoryTest" time="0.0">
    <ignored/>
  </testcase> <!-- OrderHistoryTest -->
</testsuite> <!-- Test -->
